<?xml version="1.0" encoding="UTF-8"?>
<!-- Generated by org.testng.reporters.JUnitReportReporter -->
<testsuite hostname="DESKTOP-5EB79O0" name="com.ardublock.MainTest" tests="2" failures="0" timestamp="21 Jul 2020 23:14:30 GMT" time="0.001" errors="0">
  <testcase name="testSingleLoop" time="0.000" classname="com.ardublock.MainTest"/>
  <testcase name="testFiles" time="0.001" classname="com.ardublock.MainTest"/>
</testsuite>
