<?xml version="1.0" encoding="UTF-8"?>
<!-- Generated by org.testng.reporters.JUnitReportReporter -->
<testsuite hostname="Swarga" failures="0" tests="2" name="com.ardublock.MainTest" time="0,001" errors="0" timestamp="16 Aug 2021 18:29:19 GMT">
  <testcase classname="com.ardublock.MainTest" name="testFiles" time="0,001"/>
  <testcase classname="com.ardublock.MainTest" name="testSingleLoop" time="0,000"/>
</testsuite>
